\BOOKMARK [0][-]{chapter*.2}{\376\377\000I\000n\000t\000r\000o\000d\000u\000c\000t\000i\000o\000n}{}% 1
\BOOKMARK [0][-]{chapter.1}{\376\377\000A\000n\000\040\000e\000l\000e\000c\000t\000r\000o\000n\000i\000c\000\040\000a\000n\000a\000l\000o\000g\000\040\000o\000f\000\040\000t\000h\000e\000\040\000B\000u\000r\000r\000i\000d\000g\000e\000-\000K\000n\000o\000p\000o\000f\000f\000\040\000m\000o\000d\000e\000l}{}% 2
\BOOKMARK [1][-]{section.1.1}{\376\377\000M\000e\000c\000h\000a\000n\000i\000c\000a\000l\000\040\000B\000u\000r\000r\000i\000d\000g\000e\000-\000K\000n\000o\000p\000o\000f\000f\000\040\000m\000o\000d\000e\000l}{chapter.1}% 3
\BOOKMARK [2][-]{subsection.1.1.1}{\376\377\000M\000o\000t\000i\000o\000n\000\040\000o\000f\000\040\000t\000w\000o\000\040\000c\000o\000u\000p\000l\000e\000d\000\040\000b\000l\000o\000c\000k\000s}{section.1.1}% 4
\BOOKMARK [2][-]{subsection.1.1.2}{\376\377\000D\000i\000m\000e\000n\000s\000i\000o\000n\000l\000e\000s\000s\000\040\000s\000y\000s\000t\000e\000m}{section.1.1}% 5
\BOOKMARK [1][-]{section.1.2}{\376\377\000E\000l\000e\000c\000t\000r\000o\000n\000i\000c\000\040\000a\000n\000a\000l\000o\000g\000\040\000f\000o\000r\000\040\000t\000h\000e\000\040\000m\000o\000t\000i\000o\000n\000\040\000o\000f\000\040\000t\000w\000o\000\040\000b\000l\000o\000c\000k\000s}{chapter.1}% 6
\BOOKMARK [1][-]{section.1.3}{\376\377\000C\000h\000a\000r\000a\000c\000t\000e\000r\000i\000z\000a\000t\000i\000o\000n\000\040\000o\000f\000\040\000t\000h\000e\000\040\000s\000i\000n\000g\000l\000e\000\040\000b\000l\000o\000c\000k\000\040\000b\000e\000h\000a\000v\000i\000o\000r}{chapter.1}% 7
\BOOKMARK [2][-]{subsection.1.3.1}{\376\377\000B\000r\000e\000a\000d\000b\000o\000a\000r\000d\000\040\000i\000m\000p\000l\000e\000m\000e\000n\000t\000a\000t\000i\000o\000n}{section.1.3}% 8
\BOOKMARK [2][-]{subsection.1.3.2}{\376\377\000I\000n\000t\000e\000g\000r\000a\000t\000e\000d\000\040\000b\000o\000a\000r\000d\000\040\000i\000m\000p\000l\000e\000m\000e\000n\000t\000a\000t\000i\000o\000n}{section.1.3}% 9
\BOOKMARK [1][-]{section.1.4}{\376\377\000C\000h\000a\000r\000a\000c\000t\000e\000r\000i\000z\000a\000t\000i\000o\000n\000\040\000o\000f\000\040\000t\000h\000e\000\040\000d\000o\000u\000b\000l\000e\000\040\000b\000l\000o\000c\000k\000\040\000b\000e\000h\000a\000v\000i\000o\000r}{chapter.1}% 10
\BOOKMARK [0][-]{chapter.2}{\376\377\000C\000h\000a\000o\000s\000\040\000a\000n\000a\000l\000y\000s\000i\000s\000\040\000o\000f\000\040\000m\000u\000l\000t\000i\000p\000l\000e\000\040\000c\000o\000u\000p\000l\000e\000d\000\040\000b\000l\000o\000c\000k\000s}{}% 11
\BOOKMARK [1][-]{section.2.1}{\376\377\000T\000w\000o\000\040\000b\000l\000o\000c\000k\000s}{chapter.2}% 12
\BOOKMARK [1][-]{section.2.2}{\376\377\000T\000h\000r\000e\000e\000\040\000b\000l\000o\000c\000k\000s}{chapter.2}% 13
\BOOKMARK [1][-]{section.2.3}{\376\377\000F\000o\000u\000r\000\040\000b\000l\000o\000c\000k\000s}{chapter.2}% 14
\BOOKMARK [1][-]{section.2.4}{\376\377\000F\000i\000v\000e\000\040\000b\000l\000o\000c\000k\000s}{chapter.2}% 15
\BOOKMARK [1][-]{section.2.5}{\376\377\000S\000i\000x\000\040\000b\000l\000o\000c\000k\000s}{chapter.2}% 16
\BOOKMARK [1][-]{section.2.6}{\376\377\000S\000e\000v\000e\000n\000\040\000b\000l\000o\000c\000k\000s}{chapter.2}% 17
\BOOKMARK [1][-]{section.2.7}{\376\377\000E\000i\000g\000h\000t\000\040\000b\000l\000o\000c\000k\000s}{chapter.2}% 18
\BOOKMARK [1][-]{section.2.8}{\376\377\000N\000i\000n\000e\000\040\000b\000l\000o\000c\000k\000s}{chapter.2}% 19
\BOOKMARK [1][-]{section.2.9}{\376\377\000T\000e\000n\000\040\000b\000l\000o\000c\000k\000s}{chapter.2}% 20
\BOOKMARK [1][-]{section.2.10}{\376\377\000F\000i\000f\000t\000e\000e\000n\000\040\000b\000l\000o\000c\000k\000s}{chapter.2}% 21
\BOOKMARK [1][-]{section.2.11}{\376\377\000C\000o\000n\000c\000l\000u\000s\000i\000o\000n\000s}{chapter.2}% 22
\BOOKMARK [0][-]{chapter.3}{\376\377\000E\000a\000r\000t\000h\000q\000u\000a\000k\000e\000\040\000s\000i\000m\000u\000l\000a\000t\000i\000o\000n}{}% 23
\BOOKMARK [0][-]{chapter*.26}{\376\377\000B\000i\000b\000l\000i\000o\000g\000r\000a\000p\000h\000y}{}% 24
